Change Component DesignItemId : Designator=P1 Old DesignItemId=Header 3X2 New DesignItemId=Header 4X2
Change Component DesignItemId : Designator=P5 Old DesignItemId=Header 6 New DesignItemId=Header 3X2
Change Component Footprint: Designator=P5 Old Footprint=HDR1X6 New Footprint=HDR2X3
Change Component Footprint: Designator=P1 Old Footprint=HDR2X3 New Footprint=HDR2X4
Change Component Comment : Designator=P1 Old Comment=Fan Pins New Comment=Fans
Change Component Comment : Designator=P5 Old Comment=Thermistor Pins New Comment=ICSP
Added Component: Designator=LED3(LED-0603-RED)
Added Component: Designator=LED4(LED-0603-RED)
Added Component: Designator=P6(HDR1X6)
Added Component: Designator=P?(HDR1X3)
Added Component: Designator=Q2(SOIC127P600X175-8AN)
Added Component: Designator=R3(RESC1608X55N)
Added Component: Designator=R4(RESC1608X55N)
Added Pin To Net: NetName=5V Pin=C1-2
Added Pin To Net: NetName=5V Pin=P2-2
Added Pin To Net: NetName=5V Pin=P5-2
Added Pin To Net: NetName=5V Pin=U1-8
Added Net: Name=5V
Added Pin To Net: NetName=12V Pin=P1-1
Added Pin To Net: NetName=12V Pin=P1-3
Added Pin To Net: NetName=12V Pin=P1-5
Added Pin To Net: NetName=12V Pin=P1-7
Added Pin To Net: NetName=12V Pin=P2-8
Added Pin To Net: NetName=12V Pin=R1-1
Added Pin To Net: NetName=12V Pin=R2-1
Added Pin To Net: NetName=12V Pin=R3-1
Added Pin To Net: NetName=12V Pin=R4-1
Added Net: Name=12V
Added Pin To Net: NetName=FAN1_PWM Pin=P?-3
Added Pin To Net: NetName=FAN1_PWM Pin=Q1-2
Added Net: Name=FAN1_PWM
Added Pin To Net: NetName=FAN1 Pin=LED1-K
Added Pin To Net: NetName=FAN1 Pin=P1-2
Added Pin To Net: NetName=FAN1 Pin=Q1-7
Added Pin To Net: NetName=FAN1 Pin=Q1-8
Added Net: Name=FAN1
Added Pin To Net: NetName=FAN2_PWM Pin=P?-2
Added Pin To Net: NetName=FAN2_PWM Pin=Q1-4
Added Net: Name=FAN2_PWM
Added Pin To Net: NetName=FAN2 Pin=LED2-K
Added Pin To Net: NetName=FAN2 Pin=P1-4
Added Pin To Net: NetName=FAN2 Pin=Q1-5
Added Pin To Net: NetName=FAN2 Pin=Q1-6
Added Net: Name=FAN2
Added Pin To Net: NetName=FAN3_PWM Pin=P5-1
Added Pin To Net: NetName=FAN3_PWM Pin=Q2-2
Added Pin To Net: NetName=FAN3_PWM Pin=U1-6
Added Net: Name=FAN3_PWM
Added Pin To Net: NetName=FAN3 Pin=LED3-K
Added Pin To Net: NetName=FAN3 Pin=P1-6
Added Pin To Net: NetName=FAN3 Pin=Q2-7
Added Pin To Net: NetName=FAN3 Pin=Q2-8
Added Net: Name=FAN3
Added Pin To Net: NetName=FAN4_PWM Pin=P5-4
Added Pin To Net: NetName=FAN4_PWM Pin=Q2-4
Added Pin To Net: NetName=FAN4_PWM Pin=U1-5
Added Net: Name=FAN4_PWM
Added Pin To Net: NetName=FAN4 Pin=LED4-K
Added Pin To Net: NetName=FAN4 Pin=P1-8
Added Pin To Net: NetName=FAN4 Pin=Q2-5
Added Pin To Net: NetName=FAN4 Pin=Q2-6
Added Net: Name=FAN4
Added Pin To Net: NetName=GND Pin=C1-1
Added Pin To Net: NetName=GND Pin=P2-1
Added Pin To Net: NetName=GND Pin=P2-7
Added Pin To Net: NetName=GND Pin=P5-6
Added Pin To Net: NetName=GND Pin=P6-1
Added Pin To Net: NetName=GND Pin=P6-3
Added Pin To Net: NetName=GND Pin=P6-5
Added Pin To Net: NetName=GND Pin=Q1-1
Added Pin To Net: NetName=GND Pin=Q1-3
Added Pin To Net: NetName=GND Pin=Q2-1
Added Pin To Net: NetName=GND Pin=Q2-3
Added Pin To Net: NetName=GND Pin=U1-4
Added Net: Name=GND
Added Pin To Net: NetName=NetLED1_A Pin=LED1-A
Added Pin To Net: NetName=NetLED1_A Pin=R1-2
Added Net: Name=NetLED1_A
Added Pin To Net: NetName=NetLED2_A Pin=LED2-A
Added Pin To Net: NetName=NetLED2_A Pin=R2-2
Added Net: Name=NetLED2_A
Added Pin To Net: NetName=NetLED3_A Pin=LED3-A
Added Pin To Net: NetName=NetLED3_A Pin=R3-2
Added Net: Name=NetLED3_A
Added Pin To Net: NetName=NetLED4_A Pin=LED4-A
Added Pin To Net: NetName=NetLED4_A Pin=R4-2
Added Net: Name=NetLED4_A
Added Pin To Net: NetName=RESET Pin=P5-5
Added Pin To Net: NetName=RESET Pin=U1-1
Added Net: Name=RESET
Added Pin To Net: NetName=SCK Pin=P5-3
Added Pin To Net: NetName=SCK Pin=P6-2
Added Pin To Net: NetName=SCK Pin=U1-7
Added Net: Name=SCK
Added Pin To Net: NetName=THERM1 Pin=P6-4
Added Pin To Net: NetName=THERM1 Pin=U1-3
Added Net: Name=THERM1
Added Pin To Net: NetName=THERM2 Pin=P6-6
Added Pin To Net: NetName=THERM2 Pin=U1-2
Added Net: Name=THERM2
Added Class: Name=fab
