Removed Pin From Net: NetName=SCK Pin=P6-2
Removed Pin From Net: NetName=SCK Pin=P7-1
Removed Pin From Net: NetName=THERM2 Pin=U1-2
Removed Pin From Net: NetName=THERM1 Pin=U1-3
Added Component: Designator=R1(RESC1608X55N)
Added Component: Designator=R2(RESC1608X55N)
Added Component: Designator=R3(RESC1608X55N)
Added Pin To Net: NetName=SCK Pin=R1-1
Added Pin To Net: NetName=THERM2 Pin=R2-2
Added Pin To Net: NetName=THERM1 Pin=R3-2
Added Pin To Net: NetName=NetR2_1 Pin=R2-1
Added Pin To Net: NetName=NetR2_1 Pin=U1-2
Added Net: Name=NetR2_1
Added Pin To Net: NetName=NetR3_1 Pin=R3-1
Added Pin To Net: NetName=NetR3_1 Pin=U1-3
Added Net: Name=NetR3_1
Added Pin To Net: NetName=THERM0 Pin=P6-2
Added Pin To Net: NetName=THERM0 Pin=P7-1
Added Pin To Net: NetName=THERM0 Pin=R1-2
Added Net: Name=THERM0
Added Member To Class: ClassName=fab Member=Component R1 Thick Film
Added Member To Class: ClassName=fab Member=Component R2 Thick Film
Added Member To Class: ClassName=fab Member=Component R3 Thick Film
