Removed Pin From Net: NetName=SCK Pin=P6-2
Removed Pin From Net: NetName=SCK Pin=P7-1
Removed Pin From Net: NetName=THERM2 Pin=U1-2
Removed Pin From Net: NetName=THERM1 Pin=U1-3
Added Component: Designator=SJ1(PAD-JUMPER-2-NC_BY_TRACE_NO_SILK)
Added Component: Designator=SJ2(PAD-JUMPER-2-NC_BY_TRACE_NO_SILK)
Added Component: Designator=SJ3(PAD-JUMPER-2-NC_BY_TRACE_NO_SILK)
Added Pin To Net: NetName=SCK Pin=SJ1-2
Added Pin To Net: NetName=THERM2 Pin=SJ2-1
Added Pin To Net: NetName=THERM1 Pin=SJ3-1
Added Pin To Net: NetName=NetSJ2_2 Pin=SJ2-2
Added Pin To Net: NetName=NetSJ2_2 Pin=U1-2
Added Net: Name=NetSJ2_2
Added Pin To Net: NetName=NetSJ3_2 Pin=SJ3-2
Added Pin To Net: NetName=NetSJ3_2 Pin=U1-3
Added Net: Name=NetSJ3_2
Added Pin To Net: NetName=THERM0 Pin=P6-2
Added Pin To Net: NetName=THERM0 Pin=P7-1
Added Pin To Net: NetName=THERM0 Pin=SJ1-1
Added Net: Name=THERM0
Added Member To Class: ClassName=fab Member=Component SJ1 JUMPER-PAD-2-NC_BY_TRACENO_SILK
Added Member To Class: ClassName=fab Member=Component SJ2 JUMPER-PAD-2-NC_BY_TRACENO_SILK
Added Member To Class: ClassName=fab Member=Component SJ3 JUMPER-PAD-2-NC_BY_TRACENO_SILK
