Added Component: Designator=P?(HDR2X3)
Added Component: Designator=P?(HDR1X8)
Added Component: Designator=P?(HDR1X8)
Added Component: Designator=P?(HDR1X6)
Added Component: Designator=Q?(SOIC127P600X175-8AN)
Added Component: Designator=Q?(SOIC127P600X175-8AN)
Added Component: Designator=U?(8S2_N)
Added Pin To Net: NetName=5V Pin=P?-2
Added Pin To Net: NetName=5V Pin=U?-8
Added Net: Name=5V
Added Pin To Net: NetName=12V Pin=P?-1
Added Pin To Net: NetName=12V Pin=P?-3
Added Pin To Net: NetName=12V Pin=P?-5
Added Pin To Net: NetName=12V Pin=P?-8
Added Net: Name=12V
Added Pin To Net: NetName=FAN1&2 Pin=P?-2
Added Pin To Net: NetName=FAN1&2 Pin=P?-4
Added Pin To Net: NetName=FAN1&2 Pin=Q?-5
Added Pin To Net: NetName=FAN1&2 Pin=Q?-6
Added Net: Name=FAN1&2
Added Pin To Net: NetName=FAN1+2 PWM Pin=Q?-4
Added Pin To Net: NetName=FAN1+2 PWM Pin=U?-5
Added Net: Name=FAN1+2 PWM
Added Pin To Net: NetName=FAN3_PWM Pin=Q?-2
Added Pin To Net: NetName=FAN3_PWM Pin=U?-6
Added Net: Name=FAN3_PWM
Added Pin To Net: NetName=FAN3 Pin=P?-6
Added Pin To Net: NetName=FAN3 Pin=Q?-7
Added Pin To Net: NetName=FAN3 Pin=Q?-8
Added Net: Name=FAN3
Added Pin To Net: NetName=GND Pin=P?-1
Added Pin To Net: NetName=GND Pin=P?-1
Added Pin To Net: NetName=GND Pin=P?-3
Added Pin To Net: NetName=GND Pin=P?-5
Added Pin To Net: NetName=GND Pin=P?-7
Added Pin To Net: NetName=GND Pin=Q?-1
Added Pin To Net: NetName=GND Pin=Q?-3
Added Pin To Net: NetName=GND Pin=U?-4
Added Net: Name=GND
Added Pin To Net: NetName=THERM0 Pin=P?-2
Added Pin To Net: NetName=THERM0 Pin=U?-7
Added Net: Name=THERM0
Added Pin To Net: NetName=THERM1 Pin=P?-4
Added Pin To Net: NetName=THERM1 Pin=U?-3
Added Net: Name=THERM1
Added Pin To Net: NetName=THERM2 Pin=P?-6
Added Pin To Net: NetName=THERM2 Pin=U?-2
Added Net: Name=THERM2
Added Class: Name=AFC1
