Change Component Comment : Designator=P1 Old Comment=Fans New Comment=Fan Pins
Change Component Comment : Designator=P5 Old Comment=Thermistors New Comment=Thermistor Pins
Added Component: Designator=LED1(LED-0603-RED)
Added Component: Designator=LED2(LED-0603-RED)
Added Component: Designator=R1(RESC1608X55N)
Added Component: Designator=R2(RESC1608X55N)
Added Pin To Net: NetName=FAN1&2 Pin=LED1-K
Added Pin To Net: NetName=FAN3 Pin=LED2-K
Added Pin To Net: NetName=12V Pin=R1-1
Added Pin To Net: NetName=12V Pin=R2-1
Added Pin To Net: NetName=NetLED1_A Pin=LED1-A
Added Pin To Net: NetName=NetLED1_A Pin=R1-2
Added Net: Name=NetLED1_A
Added Pin To Net: NetName=NetLED2_A Pin=LED2-A
Added Pin To Net: NetName=NetLED2_A Pin=R2-2
Added Net: Name=NetLED2_A
Added Member To Class: ClassName=AFC1 Member=Component LED1 Red
Added Member To Class: ClassName=AFC1 Member=Component LED2 Red
Added Member To Class: ClassName=AFC1 Member=Component P3 Header 8
Added Member To Class: ClassName=AFC1 Member=Component R1 Thick Film
Added Member To Class: ClassName=AFC1 Member=Component R2 Thick Film
